<?xml version="1.0" encoding="UTF-8"?>
<!-- Generated by org.testng.reporters.JUnitXMLReporter -->
<testsuite ignored="1" hostname="GN2LADTR911QVCS" failures="1" tests="2" name="Submit Order Test" time="54.102" errors="0" timestamp="2024-06-20T23:00:39 IST">
  <testcase classname="RahulShettyAcademy.SeleniumFrameworkDesign.StandAloneTest_POMReference" name="submitOrder" time="37.741"/>
  <testcase classname="RahulShettyAcademy.SeleniumFrameworkDesign.StandAloneTest_POMReference" name="submitOrder" time="16.182">
    <failure type="java.lang.AssertionError" message="expected [true] but found [false]">
      <![CDATA[java.lang.AssertionError: expected [true] but found [false]
at RahulShettyAcademy.SeleniumFrameworkDesign.StandAloneTest_POMReference.submitOrder(StandAloneTest_POMReference.java:42)
at java.base/java.util.ArrayList.forEach(ArrayList.java:1511)
... Removed 31 stack frames]]>
    </failure>
  </testcase> <!-- submitOrder -->
  <testcase classname="RahulShettyAcademy.SeleniumFrameworkDesign.StandAloneTest_POMReference" name="orderHistoryTest" time="0.0">
    <ignored/>
  </testcase> <!-- orderHistoryTest -->
</testsuite> <!-- Submit Order Test -->
